<?xml version="1.0" encoding="utf-8"?><testsuites name="pytest tests"><testsuite name="pytest" errors="0" failures="0" skipped="0" tests="5" time="1.201" timestamp="2026-04-26T06:47:53.175819+00:00" hostname="agent-env-7cc54323-b628-49c0-ae04-5e35239d1ebb"><testcase classname="backend.tests.backend_test" name="test_root_ok" time="0.313" /><testcase classname="backend.tests.backend_test" name="test_list_materials_seeded" time="0.052" /><testcase classname="backend.tests.backend_test" name="test_material_crud" time="0.281" /><testcase classname="backend.tests.backend_test" name="test_settings_get_and_update" time="0.135" /><testcase classname="backend.tests.backend_test" name="test_quote_crud" time="0.300" /></testsuite></testsuites>